SF:lib/constants.dart
DA:139,4
DA:141,4
DA:142,12
DA:144,1
DA:145,2
DA:147,4
DA:149,4
DA:150,12
DA:152,1
DA:153,2
DA:155,1
DA:156,1
DA:157,3
DA:159,1
DA:160,2
DA:162,1
LF:16
LH:16
end_of_record
SF:lib/domain/models/equipment.dart
DA:14,2
DA:21,1
DA:22,1
DA:23,2
DA:24,2
DA:25,1
DA:26,1
DA:27,1
DA:29,1
DA:30,4
LF:10
LH:10
end_of_record
SF:lib/domain/models/workout_settings.dart
DA:22,1
DA:30,3
DA:31,3
DA:32,3
DA:33,3
DA:35,1
DA:36,4
DA:38,1
DA:39,1
DA:42,1
DA:43,1
DA:44,2
DA:45,1
DA:48,1
DA:49,1
DA:50,2
DA:51,1
DA:54,1
DA:55,3
DA:56,1
DA:59,1
DA:60,2
DA:61,1
DA:64,1
DA:65,1
DA:66,2
DA:67,5
DA:68,1
DA:71,1
DA:72,1
DA:73,2
DA:74,5
DA:75,1
DA:79,1
DA:80,1
DA:81,1
DA:82,1
DA:83,1
DA:84,1
LF:39
LH:39
end_of_record
SF:lib/services/p_data.s.dart
DA:12,0
DA:13,0
DA:14,0
DA:17,0
DA:19,0
DA:20,0
DA:22,0
DA:23,0
DA:26,0
DA:28,0
DA:31,0
DA:32,0
DA:33,0
DA:34,0
DA:35,0
DA:36,0
DA:39,0
DA:40,0
DA:41,0
DA:42,0
DA:43,0
LF:21
LH:0
end_of_record
SF:lib/presentation/theme/icons.t.dart
DA:8,0
LF:1
LH:0
end_of_record
SF:lib/domain/models/exercise.dart
DA:11,24
DA:55,4
DA:70,1
DA:72,3
DA:75,1
DA:76,2
DA:77,1
DA:78,2
DA:81,1
DA:82,1
DA:83,1
DA:87,1
DA:88,1
DA:89,1
DA:93,1
DA:94,1
DA:95,1
DA:98,1
DA:100,2
DA:102,1
DA:103,1
DA:104,1
DA:105,1
DA:106,1
DA:107,1
DA:108,1
DA:109,1
DA:110,1
DA:111,1
DA:112,1
DA:113,1
DA:115,1
DA:117,2
DA:119,2
DA:120,1
DA:121,1
DA:122,1
DA:123,1
DA:124,1
DA:125,1
DA:126,1
DA:127,1
DA:128,1
DA:129,1
DA:131,1
DA:132,1
DA:133,1
LF:47
LH:47
end_of_record
SF:lib/domain/models/exercise.m.dart
DA:3,24
DA:20,0
LF:2
LH:1
end_of_record
SF:lib/domain/models/workout.dart
DA:20,1
DA:25,2
DA:29,1
DA:35,2
DA:37,4
DA:38,1
DA:46,1
DA:50,2
DA:51,5
DA:53,1
DA:54,4
DA:57,1
DA:58,7
DA:59,1
DA:60,1
DA:62,1
DA:63,10
DA:64,2
DA:66,3
DA:68,1
DA:69,1
DA:70,4
DA:71,1
DA:72,4
DA:73,2
DA:75,3
DA:78,1
DA:79,1
DA:80,2
DA:81,2
DA:82,1
DA:83,1
DA:86,7
DA:87,5
DA:89,1
DA:90,4
DA:91,1
DA:92,1
DA:103,4
LF:39
LH:39
end_of_record
SF:lib/domain/models/workout_item.dart
DA:20,3
DA:28,2
DA:31,2
DA:32,6
DA:33,6
DA:34,3
DA:35,3
DA:36,3
DA:39,2
DA:45,2
DA:46,1
DA:47,1
DA:48,1
DA:49,1
DA:50,1
DA:52,1
DA:53,3
LF:17
LH:17
end_of_record
SF:lib/services/exercise.s.dart
DA:19,0
DA:21,0
DA:25,0
DA:27,0
DA:28,0
DA:31,0
DA:32,0
DA:33,0
DA:34,0
DA:35,0
DA:38,0
DA:40,0
DA:45,0
DA:47,0
DA:48,0
DA:50,0
DA:52,0
DA:58,0
DA:60,0
DA:61,0
DA:62,0
DA:63,0
LF:22
LH:0
end_of_record