SF:lib/domain/core/errors.dart
DA:6,1
DA:8,1
DA:12,3
LF:3
LH:3
end_of_record
SF:lib/domain/core/value_objects.dart
DA:13,3
DA:17,8
DA:22,3
DA:25,1
DA:26,2
DA:27,1
DA:30,4
DA:33,1
DA:34,2
DA:41,3
DA:42,1
DA:43,6
DA:45,3
DA:52,3
DA:53,1
DA:54,4
DA:56,2
DA:63,1
DA:64,4
DA:67,3
DA:68,1
DA:69,4
DA:72,3
LF:23
LH:23
end_of_record
SF:lib/domain/core/value_validators.dart
DA:6,3
DA:9,6
DA:10,3
DA:12,4
DA:17,2
DA:20,4
DA:21,2
DA:23,2
DA:28,1
DA:30,2
DA:31,1
DA:32,1
DA:33,1
LF:13
LH:13
end_of_record
SF:lib/domain/models/exercise.dart
DA:11,56
DA:55,7
DA:70,1
DA:72,3
DA:75,1
DA:76,2
DA:77,1
DA:78,2
DA:80,3
DA:81,6
DA:83,3
DA:84,3
DA:85,3
DA:86,3
DA:87,3
DA:88,3
DA:89,3
DA:90,3
DA:91,3
DA:92,3
DA:93,3
DA:94,3
DA:97,3
DA:98,6
DA:99,3
DA:101,6
DA:102,3
DA:103,3
DA:104,3
DA:105,3
DA:106,3
DA:107,3
DA:108,3
DA:109,3
DA:110,3
DA:111,3
DA:113,3
DA:114,3
DA:115,3
DA:117,1
DA:132,1
DA:133,1
DA:134,1
DA:135,1
DA:136,1
DA:137,1
DA:138,1
DA:139,1
DA:140,1
DA:141,1
DA:142,1
DA:143,1
DA:144,1
DA:145,0
LF:54
LH:53
end_of_record
SF:lib/domain/models/workout.dart
DA:20,4
DA:25,8
DA:29,1
DA:31,4
DA:32,2
DA:34,3
DA:40,1
DA:44,2
DA:45,5
DA:47,1
DA:48,4
DA:51,1
DA:52,7
DA:53,1
DA:54,1
DA:56,1
DA:57,10
DA:58,2
DA:60,3
DA:62,1
DA:63,1
DA:64,4
DA:65,1
DA:66,4
DA:67,2
DA:69,3
DA:72,1
DA:73,1
DA:74,2
DA:75,2
DA:76,1
DA:77,1
DA:80,7
DA:81,5
DA:83,1
DA:84,4
DA:85,1
DA:86,1
DA:97,4
LF:39
LH:39
end_of_record
SF:lib/services/auth.s.dart
DA:21,1
DA:27,1
DA:28,3
DA:29,1
DA:30,1
DA:31,2
DA:35,1
DA:38,1
DA:39,1
DA:41,3
DA:43,1
DA:44,1
DA:45,1
DA:46,4
DA:53,1
DA:56,1
DA:57,1
DA:59,3
DA:61,3
DA:63,1
DA:64,3
DA:65,2
DA:67,1
DA:68,1
DA:69,3
DA:76,1
DA:78,3
DA:79,1
DA:80,2
DA:81,1
DA:82,1
DA:83,1
DA:84,1
DA:85,1
DA:86,3
DA:87,1
DA:88,1
DA:93,0
DA:94,0
DA:95,0
DA:98,0
DA:99,0
DA:106,0
DA:107,0
DA:108,0
DA:110,0
DA:111,0
DA:112,0
DA:113,0
DA:114,0
DA:115,0
DA:117,0
DA:118,0
DA:122,1
DA:123,1
DA:124,1
DA:125,4
DA:127,1
DA:128,2
DA:129,2
DA:130,2
LF:61
LH:45
end_of_record
SF:lib/services/exercise.s.dart
DA:18,1
DA:20,1
DA:21,1
DA:24,2
DA:27,2
DA:28,2
DA:30,0
DA:31,0
DA:32,0
DA:40,1
DA:41,3
DA:43,0
DA:45,0
DA:49,1
DA:51,2
DA:52,1
DA:54,0
DA:55,0
DA:57,3
DA:62,1
DA:65,1
DA:68,4
DA:69,1
DA:70,1
DA:73,2
DA:74,1
DA:77,1
DA:78,2
DA:81,1
DA:82,2
DA:85,1
DA:86,3
DA:89,1
DA:90,3
DA:93,1
DA:94,3
LF:36
LH:29
end_of_record
SF:lib/services/speech.s.dart
DA:28,0
DA:29,0
DA:31,0
DA:32,0
DA:33,0
DA:34,0
DA:35,0
DA:36,0
DA:40,0
DA:41,0
DA:42,0
DA:43,0
DA:44,0
DA:45,0
DA:49,0
DA:50,0
DA:51,0
DA:55,0
DA:56,0
DA:57,0
DA:61,0
DA:62,0
DA:63,0
DA:64,0
DA:67,0
DA:68,0
DA:69,0
DA:75,0
DA:79,0
DA:80,0
DA:84,0
DA:88,0
DA:89,0
DA:93,0
DA:94,0
DA:95,0
DA:99,0
DA:100,0
DA:101,0
DA:102,0
DA:103,0
LF:41
LH:0
end_of_record
SF:lib/services/user_settings.s.dart
DA:15,1
DA:18,1
DA:20,1
DA:21,2
DA:22,2
DA:29,0
DA:30,0
DA:32,0
DA:35,0
DA:37,0
DA:43,3
DA:45,1
DA:49,0
DA:50,0
DA:52,0
DA:55,0
DA:56,0
DA:58,0
DA:59,0
DA:60,0
DA:62,0
DA:63,0
DA:65,0
DA:66,0
DA:67,0
DA:69,0
DA:70,0
DA:72,0
DA:74,0
DA:75,0
DA:76,0
DA:77,0
LF:32
LH:7
end_of_record
SF:lib/services/workout.s.dart
DA:18,1
DA:30,1
DA:31,3
DA:33,1
DA:35,7
DA:37,1
DA:39,2
DA:40,2
DA:42,0
DA:44,0
DA:47,1
DA:50,2
DA:52,1
DA:54,2
DA:57,0
DA:59,0
DA:61,0
DA:62,0
DA:66,1
DA:69,1
DA:76,1
DA:79,1
DA:80,1
DA:84,5
DA:87,1
DA:89,2
DA:91,3
DA:92,2
DA:93,1
DA:94,2
DA:99,5
DA:101,1
DA:104,5
DA:105,1
DA:106,3
DA:108,1
DA:112,1
DA:113,4
DA:116,1
DA:117,1
DA:118,1
DA:120,1
DA:122,1
DA:129,1
DA:135,1
DA:136,1
DA:139,1
DA:140,1
DA:141,0
DA:144,1
DA:145,1
DA:153,1
DA:157,2
DA:158,3
DA:159,3
DA:160,3
DA:161,4
DA:162,3
DA:163,2
DA:164,1
DA:167,1
DA:169,2
DA:170,1
DA:171,1
DA:172,4
DA:173,1
DA:176,1
DA:179,1
DA:184,2
DA:185,1
DA:186,2
DA:187,3
DA:190,3
DA:193,4
DA:194,1
DA:195,2
DA:197,1
DA:203,1
DA:210,2
DA:211,4
DA:212,2
DA:213,0
DA:214,2
DA:216,2
DA:217,1
DA:218,2
DA:221,1
DA:223,3
DA:226,5
DA:228,5
DA:229,3
DA:230,1
DA:231,1
DA:237,1
DA:239,1
DA:240,1
DA:241,1
DA:242,1
DA:243,1
DA:244,1
DA:245,1
DA:246,2
DA:253,1
DA:256,1
DA:257,1
DA:258,1
DA:259,1
DA:260,1
DA:261,1
DA:262,0
DA:263,0
LF:111
LH:101
end_of_record
SF:lib/services/workout_logs.s.dart
DA:15,0
DA:17,0
DA:18,0
DA:21,0
DA:24,0
DA:25,0
LF:6
LH:0
end_of_record
SF:lib/constants.dart
DA:139,4
DA:141,4
DA:142,12
DA:144,1
DA:145,2
DA:147,4
DA:149,4
DA:150,12
DA:152,1
DA:153,2
DA:155,1
DA:156,1
DA:157,3
DA:159,1
DA:160,2
DA:162,1
LF:16
LH:16
end_of_record
SF:lib/domain/interfaces/speech.i.dart
DA:1,42
LF:1
LH:1
end_of_record
SF:lib/domain/models/equipment.dart
DA:11,2
DA:18,1
DA:19,1
DA:20,2
DA:21,2
DA:22,1
DA:23,1
DA:24,1
DA:26,1
DA:27,4
LF:10
LH:10
end_of_record
SF:lib/domain/models/workout_settings.dart
DA:23,3
DA:31,3
DA:32,3
DA:33,3
DA:34,3
DA:36,1
DA:37,4
DA:39,1
DA:40,1
DA:42,0
DA:43,0
DA:45,0
DA:51,0
DA:52,0
DA:53,0
DA:54,0
DA:55,0
DA:56,0
DA:59,1
DA:60,1
DA:61,1
DA:62,1
DA:63,1
DA:64,1
LF:24
LH:15
end_of_record
SF:lib/domain/models/perform_item.dart
DA:22,2
DA:31,1
DA:34,1
DA:35,3
DA:36,3
DA:37,3
DA:38,3
DA:39,3
DA:40,3
DA:43,0
DA:50,0
DA:51,0
DA:52,0
DA:53,0
DA:54,0
DA:55,0
DA:56,0
DA:58,0
DA:59,0
LF:19
LH:9
end_of_record
SF:lib/presentation/theme/icons.t.dart
DA:8,0
LF:1
LH:0
end_of_record
SF:lib/domain/models/exercise.m.dart
DA:3,56
DA:20,0
DA:46,0
DA:49,0
LF:4
LH:1
end_of_record
SF:lib/domain/models/workout_item.dart
DA:18,4
DA:26,2
DA:29,2
DA:30,6
DA:31,6
DA:32,3
DA:33,3
DA:36,2
DA:42,2
DA:43,1
DA:44,1
DA:45,1
DA:46,2
DA:49,1
DA:50,3
LF:15
LH:15
end_of_record
SF:lib/services/core/firebase_user_mapper.dart
DA:9,1
DA:10,1
DA:11,2
DA:12,2
LF:4
LH:4
end_of_record
SF:lib/services/utils/generate_unique_key.dart
DA:4,1
DA:5,1
DA:6,1
DA:8,1
DA:9,0
LF:5
LH:4
end_of_record
SF:lib/domain/state/auth_form_states.dart
DA:19,2
DA:20,1
DA:21,1
DA:23,1
LF:4
LH:4
end_of_record
SF:lib/domain/state/auth_store.dart
DA:18,2
DA:23,1
DA:31,1
DA:33,4
DA:39,1
DA:40,3
DA:41,1
DA:48,0
DA:49,0
DA:50,0
DA:54,0
DA:56,0
DA:57,0
DA:58,0
DA:59,0
DA:60,0
DA:69,1
DA:70,2
DA:72,1
DA:73,2
DA:75,1
DA:76,4
DA:77,2
DA:79,1
DA:81,4
DA:82,2
DA:85,1
DA:86,1
DA:87,2
DA:90,1
DA:91,1
DA:92,2
DA:95,1
DA:96,4
DA:97,1
DA:99,3
DA:100,4
DA:102,1
DA:106,1
DA:107,4
DA:108,1
DA:110,3
DA:111,4
DA:113,1
DA:116,1
DA:117,4
DA:118,1
DA:119,1
DA:124,2
DA:126,1
DA:132,3
DA:133,3
DA:135,4
DA:136,1
DA:138,2
DA:139,2
DA:140,2
DA:142,4
DA:145,1
LF:59
LH:50
end_of_record
SF:lib/domain/state/perform_states.dart
DA:6,1
DA:7,1
DA:8,1
DA:9,1
DA:10,1
DA:11,1
DA:12,1
DA:14,1
DA:15,1
DA:16,1
DA:19,1
DA:20,1
DA:21,1
DA:22,1
DA:28,1
DA:31,1
DA:32,1
DA:33,1
DA:34,1
DA:35,1
DA:36,1
DA:37,1
DA:43,1
DA:46,1
DA:47,1
DA:48,1
DA:49,1
DA:50,1
DA:55,4
DA:57,1
DA:67,1
DA:68,1
DA:69,1
DA:70,1
DA:71,1
DA:72,1
DA:73,1
DA:74,1
DA:75,1
DA:79,2
DA:80,1
DA:81,1
DA:82,1
DA:83,1
DA:84,1
DA:85,1
LF:46
LH:46
end_of_record
SF:lib/domain/state/perform_store.dart
DA:20,1
DA:26,1
DA:36,1
DA:71,1
DA:72,3
DA:73,1
DA:74,3
DA:75,1
DA:77,6
DA:78,1
DA:80,4
DA:81,6
DA:82,1
DA:84,4
DA:86,1
DA:87,5
DA:88,1
DA:91,5
DA:93,5
DA:94,3
DA:102,1
DA:105,1
DA:106,2
DA:107,2
DA:109,5
DA:111,1
DA:114,1
DA:119,1
DA:121,2
DA:122,4
DA:123,3
DA:124,1
DA:125,2
DA:126,1
DA:127,0
DA:133,1
DA:134,1
DA:136,3
DA:137,1
DA:139,6
DA:141,1
DA:143,1
DA:146,0
DA:152,1
DA:154,1
DA:156,1
DA:158,1
DA:159,1
DA:160,4
DA:161,1
DA:163,3
DA:165,1
DA:167,1
DA:174,1
DA:176,2
DA:177,2
DA:178,2
DA:180,1
DA:181,1
DA:182,1
DA:183,1
DA:186,1
DA:190,1
DA:191,0
DA:192,0
DA:193,0
DA:197,2
DA:198,3
DA:199,4
DA:203,1
DA:205,1
DA:210,1
DA:211,1
DA:214,2
DA:216,4
DA:219,2
DA:223,1
DA:225,1
DA:226,1
DA:228,2
DA:229,2
DA:230,2
DA:231,1
DA:232,2
DA:237,1
DA:239,1
DA:247,1
DA:248,2
DA:249,5
DA:250,1
DA:254,1
DA:255,1
DA:259,1
DA:260,1
DA:261,1
DA:264,1
DA:266,3
DA:267,1
DA:270,1
DA:271,3
DA:273,1
DA:275,2
DA:276,1
DA:277,1
DA:278,1
DA:281,1
DA:283,4
DA:284,1
DA:289,1
DA:291,1
DA:292,1
DA:295,1
DA:297,1
DA:299,1
DA:300,3
DA:303,2
DA:305,1
DA:306,1
DA:307,1
DA:308,2
DA:309,1
DA:311,1
DA:313,1
DA:315,0
DA:317,1
DA:319,1
DA:321,0
DA:323,0
DA:329,1
DA:330,2
DA:331,1
DA:333,0
DA:334,0
DA:345,1
DA:346,2
DA:347,1
DA:349,0
DA:351,1
DA:353,1
DA:355,0
DA:357,0
DA:361,0
DA:373,1
DA:383,6
DA:385,2
DA:395,1
DA:399,1
DA:400,3
DA:401,3
DA:405,1
DA:406,2
DA:407,1
DA:411,1
DA:412,1
DA:413,1
DA:417,1
DA:418,1
DA:419,1
DA:420,2
DA:421,1
DA:424,1
DA:425,2
DA:426,0
DA:427,0
DA:431,1
DA:432,5
DA:433,2
DA:434,2
DA:435,1
DA:437,8
DA:438,7
DA:439,1
DA:440,2
DA:443,6
DA:444,6
LF:175
LH:159
end_of_record